#
# There is insufficient memory for the Java Runtime Environment to continue.
# Native memory allocation (malloc) failed to allocate 1048576 bytes for AllocateHeap
# Possible reasons:
#   The system is out of physical RAM or swap space
#   The process is running with CompressedOops enabled, and the Java Heap may be blocking the growth of the native heap
# Possible solutions:
#   Reduce memory load on the system
#   Increase physical memory or swap space
#   Check if swap backing store is full
#   Decrease Java heap size (-Xmx/-Xms)
#   Decrease number of Java threads
#   Decrease Java thread stack sizes (-Xss)
#   Set larger code cache with -XX:ReservedCodeCacheSize=
#   JVM is running with Unscaled Compressed Oops mode in which the Java heap is
#     placed in the first 4GB address space. The Java Heap base address is the
#     maximum limit for the native heap growth. Please use -XX:HeapBaseMinAddress
#     to set the Java Heap base and to place the Java Heap above 4GB virtual address.
# This output file may be truncated or incomplete.
#
#  Out of Memory Error (memory/allocation.inline.hpp:61), pid=6276, tid=0x0000000000002788
#
# JRE version:  (8.0_275-b01) (build )
# Java VM: OpenJDK 64-Bit Server VM (25.275-b01 mixed mode windows-amd64 compressed oops)
# Failed to write core dump. Minidumps are not enabled by default on client versions of Windows
#

---------------  T H R E A D  ---------------

Current thread (0x0000000002ed2800):  JavaThread "Unknown thread" [_thread_in_vm, id=10120, stack(0x0000000002dc0000,0x0000000002ec0000)]

Stack: [0x0000000002dc0000,0x0000000002ec0000]
[error occurred during error reporting (printing stack bounds), id 0xc0000005]

Native frames: (J=compiled Java code, j=interpreted, Vv=VM code, C=native code)


---------------  P R O C E S S  ---------------

Java Threads: ( => current thread )

Other Threads:

=>0x0000000002ed2800 (exited) JavaThread "Unknown thread" [_thread_in_vm, id=10120, stack(0x0000000002dc0000,0x0000000002ec0000)]

VM state:not at safepoint (normal execution)

VM Mutex/Monitor currently owned by a thread: None

heap address: 0x00000000fc000000, size: 64 MB, Compressed Oops mode: 32-bit
Narrow klass base: 0x0000000000000000, Narrow klass shift: 3
Compressed class space size: 1073741824 Address: 0x0000000100000000

Heap:
 PSYoungGen      total 18944K, used 327K [0x00000000feb00000, 0x0000000100000000, 0x0000000100000000)
  eden space 16384K, 2% used [0x00000000feb00000,0x00000000feb51ec8,0x00000000ffb00000)
  from space 2560K, 0% used [0x00000000ffd80000,0x00000000ffd80000,0x0000000100000000)
  to   space 2560K, 0% used [0x00000000ffb00000,0x00000000ffb00000,0x00000000ffd80000)
 ParOldGen       total 44032K, used 0K [0x00000000fc000000, 0x00000000feb00000, 0x00000000feb00000)
  object space 44032K, 0% used [0x00000000fc000000,0x00000000fc000000,0x00000000feb00000)
 Metaspace       used 780K, capacity 4480K, committed 4480K, reserved 1056768K
  class space    used 76K, capacity 384K, committed 384K, reserved 1048576K

Card table byte_map: [0x00000000123a0000,0x00000000123d0000] byte_map_base: 0x0000000011bc0000

Marking Bits: (ParMarkBitMap*) 0x00000000562223c0
 Begin Bits: [0x00000000127f0000, 0x00000000128f0000)
 End Bits:   [0x00000000128f0000, 0x00000000129f0000)

Polling page: 0x00000000010d0000

CodeCache: size=245760Kb used=328Kb max_used=328Kb free=245431Kb
 bounds [0x0000000002fe0000, 0x0000000003250000, 0x0000000011fe0000]
 total_blobs=57 nmethods=0 adapters=38
 compilation: enabled

Compilation events (0 events):
No events

GC Heap History (0 events):
No events

Deoptimization events (0 events):
No events

Classes redefined (0 events):
No events

Internal exceptions (0 events):
No events

Events (10 events):
Event: 0.034 loading class java/lang/Short
Event: 0.034 loading class java/lang/Short done
Event: 0.034 loading class java/lang/Integer
Event: 0.034 loading class java/lang/Integer done
Event: 0.034 loading class java/lang/Long
Event: 0.035 loading class java/lang/Long done
Event: 0.035 loading class java/lang/NullPointerException
Event: 0.035 loading class java/lang/NullPointerException done
Event: 0.035 loading class java/lang/ArithmeticException
Event: 0.035 loading class java/lang/ArithmeticException done


Dynamic libraries:
0x00007ff7d0bb0000 - 0x00007ff7d0be5000 	C:\Program Files\OpenJDK\openjdk-8u275-b01\bin\java.exe
0x00007ffc559f0000 - 0x00007ffc55bd1000 	C:\WINDOWS\SYSTEM32\ntdll.dll
0x00007ffc530e0000 - 0x00007ffc53191000 	C:\WINDOWS\System32\KERNEL32.DLL
0x00007ffc51e30000 - 0x00007ffc520a3000 	C:\WINDOWS\System32\KERNELBASE.dll
0x00007ffc53030000 - 0x00007ffc530d1000 	C:\WINDOWS\System32\ADVAPI32.dll
0x00007ffc55130000 - 0x00007ffc551ce000 	C:\WINDOWS\System32\msvcrt.dll
0x00007ffc55960000 - 0x00007ffc559bb000 	C:\WINDOWS\System32\sechost.dll
0x00007ffc54a90000 - 0x00007ffc54bb4000 	C:\WINDOWS\System32\RPCRT4.dll
0x00007ffc54770000 - 0x00007ffc54900000 	C:\WINDOWS\System32\USER32.dll
0x00007ffc51db0000 - 0x00007ffc51dd0000 	C:\WINDOWS\System32\win32u.dll
0x00007ffc54f10000 - 0x00007ffc54f38000 	C:\WINDOWS\System32\GDI32.dll
0x00007ffc52a50000 - 0x00007ffc52be1000 	C:\WINDOWS\System32\gdi32full.dll
0x00007ffc527c0000 - 0x00007ffc5285f000 	C:\WINDOWS\System32\msvcp_win.dll
0x00007ffc52cf0000 - 0x00007ffc52de8000 	C:\WINDOWS\System32\ucrtbase.dll
0x00007ffc45860000 - 0x00007ffc45ac9000 	C:\WINDOWS\WinSxS\amd64_microsoft.windows.common-controls_6595b64144ccf1df_6.0.17134.1304_none_d3fbe61b7c93d9f0\COMCTL32.dll
0x00007ffc551d0000 - 0x00007ffc554f1000 	C:\WINDOWS\System32\combase.dll
0x00007ffc52df0000 - 0x00007ffc52e69000 	C:\WINDOWS\System32\bcryptPrimitives.dll
0x00007ffc550e0000 - 0x00007ffc5510d000 	C:\WINDOWS\System32\IMM32.DLL
0x0000000056cd0000 - 0x0000000056da2000 	C:\Program Files\OpenJDK\openjdk-8u275-b01\jre\bin\msvcr100.dll
0x0000000055a10000 - 0x00000000562a4000 	C:\Program Files\OpenJDK\openjdk-8u275-b01\jre\bin\server\jvm.dll
0x00007ffc55950000 - 0x00007ffc55958000 	C:\WINDOWS\System32\PSAPI.DLL
0x00007ffc4d7d0000 - 0x00007ffc4d7da000 	C:\WINDOWS\SYSTEM32\VERSION.dll
0x00007ffc485e0000 - 0x00007ffc48603000 	C:\WINDOWS\SYSTEM32\WINMM.dll
0x00007ffc42cb0000 - 0x00007ffc42cb9000 	C:\WINDOWS\SYSTEM32\WSOCK32.dll
0x00007ffc54ea0000 - 0x00007ffc54f0c000 	C:\WINDOWS\System32\WS2_32.dll
0x00007ffc485b0000 - 0x00007ffc485da000 	C:\WINDOWS\SYSTEM32\winmmbase.dll
0x00007ffc52ca0000 - 0x00007ffc52ce9000 	C:\WINDOWS\System32\cfgmgr32.dll
0x00007ffc4e000000 - 0x00007ffc4e00f000 	C:\Program Files\OpenJDK\openjdk-8u275-b01\jre\bin\verify.dll
0x00007ffc4d060000 - 0x00007ffc4d089000 	C:\Program Files\OpenJDK\openjdk-8u275-b01\jre\bin\java.dll
0x00007ffc48450000 - 0x00007ffc48466000 	C:\Program Files\OpenJDK\openjdk-8u275-b01\jre\bin\zip.dll

VM Arguments:
jvm_args: -Xmx64m -Xms64m -Dorg.gradle.appname=gradlew 
java_command: org.gradle.wrapper.GradleWrapperMain app:installDebug -PreactNativeDevServerPort=8081
java_class_path (initial): C:\Users\home\Desktop\ReactNative\spanishNumber\android\\gradle\wrapper\gradle-wrapper.jar
Launcher Type: SUN_STANDARD

Environment Variables:
JAVA_HOME=C:\Program Files\OpenJDK\openjdk-8u275-b01
CLASSPATH=C:\Users\home\Desktop\ReactNative\spanishNumber\android\\gradle\wrapper\gradle-wrapper.jar
PATH=C:\Users\home\Desktop\ReactNative\spanishNumber\android\node_modules\.bin;C:\Users\home\Desktop\ReactNative\spanishNumber\node_modules\.bin;C:\Users\home\Desktop\ReactNative\node_modules\.bin;C:\Users\home\Desktop\node_modules\.bin;C:\Users\home\node_modules\.bin;C:\Users\node_modules\.bin;C:\node_modules\.bin;C:\Program Files\nodejs;C:\Users\home\Desktop\ReactNative\spanishNumber\node_modules\.bin;C:\Python27\;C:\Python27\Scripts;F:\app\home\product\11.1.0\db_1\bin;c:\OraHome_1\bin;c:\OraHome_1\jre\1.4.2\bin\client;c:\OraHome_1\jre\1.4.2\bin;c:\DevSuiteHome_1\jdk\jre\bin\classic;c:\DevSuiteHome_1\jdk\jre\bin;c:\DevSuiteHome_1\jdk\jre\bin\client;c:\DevSuiteHome_1\jlib;c:\DevSuiteHome_1\bin;c:\DevSuiteHome_1\jre\1.4.2\bin\client;c:\DevSuiteHome_1\jre\1.4.2\bin;C:\ProgramData\Oracle\Java\javapath;C:\WINDOWS\system32;C:\WINDOWS;C:\WINDOWS\System32\Wbem;C:\WINDOWS\System32\WindowsPowerShell\v1.0\;C:\WINDOWS\System32\OpenSSH\;C:\Program Files\Git\cmd;C:\Program Files\dotnet\;C:\ProgramData\chocolatey\bin;C:\Program Files\nodejs\;C:\Program Files\OpenJDK\openjdk-8u275-b01\bin;C:\Users\home\AppData\Local\Android\Sdk\platform-tools;C:\Users\home\AppData\Local\Android\Sdk;C:\Program Files\Java\jdk1.8.0_121\bin;C:\Program Files\Java\jre1.8.0_121\bin;C:\Users\home\AppData\Local\Microsoft\WindowsApps;C:\Users\home\AppData\Local\Programs\Microsoft VS Code\bin;C:\Users\home\AppData\Local\GitHubDesktop\bin;C:\Users\home\Downloads\caddy_v1.0.3_windows_amd64;F:\ext-7.0.0-trial\ext-7.0.0\.sencha;C:\Users\home\AppData\Roaming\npm
USERNAME=home
OS=Windows_NT
PROCESSOR_IDENTIFIER=Intel64 Family 6 Model 78 Stepping 3, GenuineIntel



---------------  S Y S T E M  ---------------

OS: Windows 10.0 , 64 bit Build 17134 (10.0.17134.753)

CPU:total 4 (initial active 4) (2 cores per cpu, 2 threads per core) family 6 model 78 stepping 3, cmov, cx8, fxsr, mmx, sse, sse2, sse3, ssse3, sse4.1, sse4.2, popcnt, avx, avx2, aes, clmul, erms, 3dnowpref, lzcnt, ht, tsc, tscinvbit, bmi1, bmi2, adx

Memory: 4k page, physical 8260324k(1726984k free), swap 13380324k(5740k free)

vm_info: OpenJDK 64-Bit Server VM (25.275-b01) for windows-amd64 JRE (1.8.0_275-b01), built on Nov  6 2020 13:43:37 by "build" with MS VC++ 10.0 (VS2010)

time: Thu Nov 26 21:30:30 2020
timezone: India Standard Time
elapsed time: 0.086612 seconds (0d 0h 0m 0s)

